<?xml version="1.0" encoding="UTF-8"?>
<!-- Generated by org.testng.reporters.JUnitReportReporter -->
<testsuite hostname="mayankrusia" failures="0" tests="2" name="TestPackage.TestClass" time="45.415" errors="0" timestamp="2025-04-06T18:06:07 IST" skipped="1">
  <testcase classname="TestPackage.TestClass" name="login_valid_credentials" time="45.415"/>
  <testcase classname="TestPackage.TestClass" name="datadriven_login">
    <skipped/>
  </testcase> <!-- datadriven_login -->
</testsuite> <!-- TestPackage.TestClass -->
